[29-Mar-2025 03:50:23 Europe/Berlin] PHP Warning:  ini_set(): Session ini settings cannot be changed when a session is active in C:\xampp\htdocs\event_management_system\includes\security.php on line 11
[29-Mar-2025 03:50:23 Europe/Berlin] PHP Warning:  ini_set(): Session ini settings cannot be changed when a session is active in C:\xampp\htdocs\event_management_system\includes\security.php on line 12
[29-Mar-2025 03:50:23 Europe/Berlin] PHP Warning:  ini_set(): Session ini settings cannot be changed when a session is active in C:\xampp\htdocs\event_management_system\includes\security.php on line 13
[29-Mar-2025 03:50:23 Europe/Berlin] PHP Warning:  ini_set(): Session ini settings cannot be changed when a session is active in C:\xampp\htdocs\event_management_system\includes\security.php on line 16
[29-Mar-2025 03:50:23 Europe/Berlin] PHP Warning:  session_set_cookie_params(): Session cookie parameters cannot be changed when a session is active in C:\xampp\htdocs\event_management_system\includes\security.php on line 17
[29-Mar-2025 03:50:23 Europe/Berlin] PHP Notice:  session_start(): Ignoring session_start() because a session is already active in C:\xampp\htdocs\event_management_system\header.php on line 2
[29-Mar-2025 03:50:23 Europe/Berlin] PHP Fatal error:  Cannot declare class Database, because the name is already in use in C:\xampp\htdocs\event_management_system\db.php on line 4
[29-Mar-2025 03:50:27 Europe/Berlin] PHP Warning:  ini_set(): Session ini settings cannot be changed when a session is active in C:\xampp\htdocs\event_management_system\includes\security.php on line 11
[29-Mar-2025 03:50:27 Europe/Berlin] PHP Warning:  ini_set(): Session ini settings cannot be changed when a session is active in C:\xampp\htdocs\event_management_system\includes\security.php on line 12
[29-Mar-2025 03:50:27 Europe/Berlin] PHP Warning:  ini_set(): Session ini settings cannot be changed when a session is active in C:\xampp\htdocs\event_management_system\includes\security.php on line 13
[29-Mar-2025 03:50:27 Europe/Berlin] PHP Warning:  ini_set(): Session ini settings cannot be changed when a session is active in C:\xampp\htdocs\event_management_system\includes\security.php on line 16
[29-Mar-2025 03:50:27 Europe/Berlin] PHP Warning:  session_set_cookie_params(): Session cookie parameters cannot be changed when a session is active in C:\xampp\htdocs\event_management_system\includes\security.php on line 17
[29-Mar-2025 03:50:27 Europe/Berlin] PHP Notice:  session_start(): Ignoring session_start() because a session is already active in C:\xampp\htdocs\event_management_system\header.php on line 2
[29-Mar-2025 03:50:27 Europe/Berlin] PHP Fatal error:  Cannot declare class Database, because the name is already in use in C:\xampp\htdocs\event_management_system\db.php on line 4
[29-Mar-2025 03:50:29 Europe/Berlin] PHP Warning:  ini_set(): Session ini settings cannot be changed when a session is active in C:\xampp\htdocs\event_management_system\includes\security.php on line 11
[29-Mar-2025 03:50:29 Europe/Berlin] PHP Warning:  ini_set(): Session ini settings cannot be changed when a session is active in C:\xampp\htdocs\event_management_system\includes\security.php on line 12
[29-Mar-2025 03:50:29 Europe/Berlin] PHP Warning:  ini_set(): Session ini settings cannot be changed when a session is active in C:\xampp\htdocs\event_management_system\includes\security.php on line 13
[29-Mar-2025 03:50:29 Europe/Berlin] PHP Warning:  ini_set(): Session ini settings cannot be changed when a session is active in C:\xampp\htdocs\event_management_system\includes\security.php on line 16
[29-Mar-2025 03:50:29 Europe/Berlin] PHP Warning:  session_set_cookie_params(): Session cookie parameters cannot be changed when a session is active in C:\xampp\htdocs\event_management_system\includes\security.php on line 17
[29-Mar-2025 03:50:29 Europe/Berlin] PHP Notice:  session_start(): Ignoring session_start() because a session is already active in C:\xampp\htdocs\event_management_system\header.php on line 2
[29-Mar-2025 03:50:29 Europe/Berlin] PHP Fatal error:  Cannot declare class Database, because the name is already in use in C:\xampp\htdocs\event_management_system\db.php on line 4
[29-Mar-2025 03:51:04 Europe/Berlin] PHP Warning:  Undefined array key "comments" in C:\xampp\htdocs\event_management_system\admin.php on line 464
[29-Mar-2025 03:51:04 Europe/Berlin] PHP Deprecated:  htmlspecialchars(): Passing null to parameter #1 ($string) of type string is deprecated in C:\xampp\htdocs\event_management_system\admin.php on line 464
[29-Mar-2025 04:25:03 Europe/Berlin] PHP Warning:  Undefined array key "comments" in C:\xampp\htdocs\event_management_system\admin.php on line 464
[29-Mar-2025 04:25:03 Europe/Berlin] PHP Deprecated:  htmlspecialchars(): Passing null to parameter #1 ($string) of type string is deprecated in C:\xampp\htdocs\event_management_system\admin.php on line 464
[29-Mar-2025 05:13:38 Europe/Berlin] PHP Warning:  Undefined array key "comments" in C:\xampp\htdocs\event_management_system\admin.php on line 464
[29-Mar-2025 05:13:38 Europe/Berlin] PHP Deprecated:  htmlspecialchars(): Passing null to parameter #1 ($string) of type string is deprecated in C:\xampp\htdocs\event_management_system\admin.php on line 464
[29-Mar-2025 05:17:55 Europe/Berlin] Database connection error: No connection could be made because the target machine actively refused it
[29-Mar-2025 05:18:06 Europe/Berlin] Database connection error: No connection could be made because the target machine actively refused it
[29-Mar-2025 05:26:32 Europe/Berlin] PHP Warning:  Undefined array key "comments" in C:\xampp\htdocs\event_management_system\admin.php on line 464
[29-Mar-2025 05:26:32 Europe/Berlin] PHP Deprecated:  htmlspecialchars(): Passing null to parameter #1 ($string) of type string is deprecated in C:\xampp\htdocs\event_management_system\admin.php on line 464
[29-Mar-2025 05:36:06 Europe/Berlin] PHP Warning:  Undefined array key "comments" in C:\xampp\htdocs\event_management_system\admin.php on line 464
[29-Mar-2025 05:36:06 Europe/Berlin] PHP Deprecated:  htmlspecialchars(): Passing null to parameter #1 ($string) of type string is deprecated in C:\xampp\htdocs\event_management_system\admin.php on line 464
[29-Mar-2025 05:37:47 Europe/Berlin] PHP Warning:  Undefined array key "comments" in C:\xampp\htdocs\event_management_system\admin.php on line 464
[29-Mar-2025 05:37:47 Europe/Berlin] PHP Deprecated:  htmlspecialchars(): Passing null to parameter #1 ($string) of type string is deprecated in C:\xampp\htdocs\event_management_system\admin.php on line 464
[29-Mar-2025 05:38:13 Europe/Berlin] PHP Warning:  Undefined array key "comments" in C:\xampp\htdocs\event_management_system\admin.php on line 464
[29-Mar-2025 05:38:13 Europe/Berlin] PHP Deprecated:  htmlspecialchars(): Passing null to parameter #1 ($string) of type string is deprecated in C:\xampp\htdocs\event_management_system\admin.php on line 464
[20-Mar-2025 05:48:47 Europe/Berlin] PHP Warning:  Undefined array key "comments" in C:\xampp\htdocs\event_management_system\admin.php on line 464
[20-Mar-2025 05:48:47 Europe/Berlin] PHP Deprecated:  htmlspecialchars(): Passing null to parameter #1 ($string) of type string is deprecated in C:\xampp\htdocs\event_management_system\admin.php on line 464
[20-Mar-2025 05:48:50 Europe/Berlin] PHP Warning:  Undefined array key "comments" in C:\xampp\htdocs\event_management_system\admin.php on line 464
[20-Mar-2025 05:48:50 Europe/Berlin] PHP Deprecated:  htmlspecialchars(): Passing null to parameter #1 ($string) of type string is deprecated in C:\xampp\htdocs\event_management_system\admin.php on line 464
[20-Mar-2025 05:48:52 Europe/Berlin] PHP Warning:  Undefined array key "comments" in C:\xampp\htdocs\event_management_system\admin.php on line 464
[20-Mar-2025 05:48:52 Europe/Berlin] PHP Deprecated:  htmlspecialchars(): Passing null to parameter #1 ($string) of type string is deprecated in C:\xampp\htdocs\event_management_system\admin.php on line 464
[20-Mar-2025 05:48:53 Europe/Berlin] PHP Warning:  Undefined array key "comments" in C:\xampp\htdocs\event_management_system\admin.php on line 464
[20-Mar-2025 05:48:53 Europe/Berlin] PHP Deprecated:  htmlspecialchars(): Passing null to parameter #1 ($string) of type string is deprecated in C:\xampp\htdocs\event_management_system\admin.php on line 464
[20-Mar-2025 05:48:54 Europe/Berlin] PHP Warning:  Undefined array key "comments" in C:\xampp\htdocs\event_management_system\admin.php on line 464
[20-Mar-2025 05:48:54 Europe/Berlin] PHP Deprecated:  htmlspecialchars(): Passing null to parameter #1 ($string) of type string is deprecated in C:\xampp\htdocs\event_management_system\admin.php on line 464
[20-Mar-2025 05:48:54 Europe/Berlin] PHP Warning:  Undefined array key "comments" in C:\xampp\htdocs\event_management_system\admin.php on line 464
[20-Mar-2025 05:48:54 Europe/Berlin] PHP Deprecated:  htmlspecialchars(): Passing null to parameter #1 ($string) of type string is deprecated in C:\xampp\htdocs\event_management_system\admin.php on line 464
[20-Mar-2025 05:50:53 Europe/Berlin] PHP Warning:  Undefined array key "comments" in C:\xampp\htdocs\event_management_system\admin.php on line 464
[20-Mar-2025 05:50:53 Europe/Berlin] PHP Deprecated:  htmlspecialchars(): Passing null to parameter #1 ($string) of type string is deprecated in C:\xampp\htdocs\event_management_system\admin.php on line 464
[20-Mar-2025 05:51:03 Europe/Berlin] PHP Warning:  Undefined array key "comments" in C:\xampp\htdocs\event_management_system\admin.php on line 464
[20-Mar-2025 05:51:03 Europe/Berlin] PHP Deprecated:  htmlspecialchars(): Passing null to parameter #1 ($string) of type string is deprecated in C:\xampp\htdocs\event_management_system\admin.php on line 464
[20-Mar-2025 05:58:16 Europe/Berlin] PHP Warning:  Undefined array key "comments" in C:\xampp\htdocs\event_management_system\admin.php on line 464
[20-Mar-2025 05:58:16 Europe/Berlin] PHP Deprecated:  htmlspecialchars(): Passing null to parameter #1 ($string) of type string is deprecated in C:\xampp\htdocs\event_management_system\admin.php on line 464
[20-Mar-2025 05:58:22 Europe/Berlin] PHP Warning:  Undefined array key "comments" in C:\xampp\htdocs\event_management_system\admin.php on line 464
[20-Mar-2025 05:58:22 Europe/Berlin] PHP Deprecated:  htmlspecialchars(): Passing null to parameter #1 ($string) of type string is deprecated in C:\xampp\htdocs\event_management_system\admin.php on line 464
[20-Mar-2025 05:58:27 Europe/Berlin] PHP Warning:  Undefined array key "comments" in C:\xampp\htdocs\event_management_system\admin.php on line 464
[20-Mar-2025 05:58:27 Europe/Berlin] PHP Deprecated:  htmlspecialchars(): Passing null to parameter #1 ($string) of type string is deprecated in C:\xampp\htdocs\event_management_system\admin.php on line 464
[20-Mar-2025 05:58:29 Europe/Berlin] PHP Warning:  Undefined array key "comments" in C:\xampp\htdocs\event_management_system\admin.php on line 464
[20-Mar-2025 05:58:29 Europe/Berlin] PHP Deprecated:  htmlspecialchars(): Passing null to parameter #1 ($string) of type string is deprecated in C:\xampp\htdocs\event_management_system\admin.php on line 464
[20-Mar-2025 05:58:34 Europe/Berlin] PHP Warning:  Undefined array key "comments" in C:\xampp\htdocs\event_management_system\admin.php on line 464
[20-Mar-2025 05:58:34 Europe/Berlin] PHP Deprecated:  htmlspecialchars(): Passing null to parameter #1 ($string) of type string is deprecated in C:\xampp\htdocs\event_management_system\admin.php on line 464
[20-Mar-2025 05:58:37 Europe/Berlin] PHP Warning:  Undefined array key "comments" in C:\xampp\htdocs\event_management_system\admin.php on line 464
[20-Mar-2025 05:58:37 Europe/Berlin] PHP Deprecated:  htmlspecialchars(): Passing null to parameter #1 ($string) of type string is deprecated in C:\xampp\htdocs\event_management_system\admin.php on line 464
[20-Mar-2025 05:58:39 Europe/Berlin] PHP Warning:  Undefined array key "comments" in C:\xampp\htdocs\event_management_system\admin.php on line 464
[20-Mar-2025 05:58:39 Europe/Berlin] PHP Deprecated:  htmlspecialchars(): Passing null to parameter #1 ($string) of type string is deprecated in C:\xampp\htdocs\event_management_system\admin.php on line 464
[20-Mar-2025 05:58:41 Europe/Berlin] PHP Warning:  Undefined array key "comments" in C:\xampp\htdocs\event_management_system\admin.php on line 464
[20-Mar-2025 05:58:41 Europe/Berlin] PHP Deprecated:  htmlspecialchars(): Passing null to parameter #1 ($string) of type string is deprecated in C:\xampp\htdocs\event_management_system\admin.php on line 464
[20-Mar-2025 05:58:43 Europe/Berlin] PHP Warning:  Undefined array key "comments" in C:\xampp\htdocs\event_management_system\admin.php on line 464
[20-Mar-2025 05:58:43 Europe/Berlin] PHP Deprecated:  htmlspecialchars(): Passing null to parameter #1 ($string) of type string is deprecated in C:\xampp\htdocs\event_management_system\admin.php on line 464
[20-Mar-2025 05:58:45 Europe/Berlin] PHP Warning:  Undefined array key "comments" in C:\xampp\htdocs\event_management_system\admin.php on line 464
[20-Mar-2025 05:58:45 Europe/Berlin] PHP Deprecated:  htmlspecialchars(): Passing null to parameter #1 ($string) of type string is deprecated in C:\xampp\htdocs\event_management_system\admin.php on line 464
[20-Mar-2025 05:58:47 Europe/Berlin] PHP Warning:  Undefined array key "comments" in C:\xampp\htdocs\event_management_system\admin.php on line 464
[20-Mar-2025 05:58:47 Europe/Berlin] PHP Deprecated:  htmlspecialchars(): Passing null to parameter #1 ($string) of type string is deprecated in C:\xampp\htdocs\event_management_system\admin.php on line 464
[20-Mar-2025 05:58:49 Europe/Berlin] PHP Warning:  Undefined array key "comments" in C:\xampp\htdocs\event_management_system\admin.php on line 464
[20-Mar-2025 05:58:49 Europe/Berlin] PHP Deprecated:  htmlspecialchars(): Passing null to parameter #1 ($string) of type string is deprecated in C:\xampp\htdocs\event_management_system\admin.php on line 464
[20-Mar-2025 05:58:51 Europe/Berlin] PHP Warning:  Undefined array key "comments" in C:\xampp\htdocs\event_management_system\admin.php on line 464
[20-Mar-2025 05:58:51 Europe/Berlin] PHP Deprecated:  htmlspecialchars(): Passing null to parameter #1 ($string) of type string is deprecated in C:\xampp\htdocs\event_management_system\admin.php on line 464
[20-Mar-2025 05:58:53 Europe/Berlin] PHP Warning:  Undefined array key "comments" in C:\xampp\htdocs\event_management_system\admin.php on line 464
[20-Mar-2025 05:58:53 Europe/Berlin] PHP Deprecated:  htmlspecialchars(): Passing null to parameter #1 ($string) of type string is deprecated in C:\xampp\htdocs\event_management_system\admin.php on line 464
[20-Mar-2025 05:58:56 Europe/Berlin] PHP Warning:  Undefined array key "comments" in C:\xampp\htdocs\event_management_system\admin.php on line 464
[20-Mar-2025 05:58:56 Europe/Berlin] PHP Deprecated:  htmlspecialchars(): Passing null to parameter #1 ($string) of type string is deprecated in C:\xampp\htdocs\event_management_system\admin.php on line 464
[13-May-2025 09:53:10 Europe/Berlin] PHP Warning:  Undefined array key "comments" in C:\xampp\htdocs\event_management_system\admin.php on line 464
[13-May-2025 09:53:10 Europe/Berlin] PHP Deprecated:  htmlspecialchars(): Passing null to parameter #1 ($string) of type string is deprecated in C:\xampp\htdocs\event_management_system\admin.php on line 464
[13-May-2025 09:53:23 Europe/Berlin] PHP Warning:  Undefined array key "comments" in C:\xampp\htdocs\event_management_system\admin.php on line 464
[13-May-2025 09:53:23 Europe/Berlin] PHP Deprecated:  htmlspecialchars(): Passing null to parameter #1 ($string) of type string is deprecated in C:\xampp\htdocs\event_management_system\admin.php on line 464
